app/build/intermediates/manifest_merge_blame_file/debug/manifest-merger-blame-debug-report.txt
1<?xml version="1.0" encoding="utf-8"?>
2<manifest xmlns:android="http://schemas.android.com/apk/res/android"
3    package="com.example.myprojectloginapplication"
4    android:versionCode="1"
5    android:versionName="1.0" >
6
7    <uses-sdk
8        android:minSdkVersion="19"
8-->src/main/AndroidManifest.xml
9        android:targetSdkVersion="33" />
9-->src/main/AndroidManifest.xml
10
11    <uses-permission android:name="android.permission.INTERNET" />
11-->src/main/AndroidManifest.xml:5:5-67
11-->src/main/AndroidManifest.xml:5:22-64
12    <uses-permission android:name="android.permission.ACCESS_FINE_LOCATION" />
12-->src/main/AndroidManifest.xml:6:5-79
12-->src/main/AndroidManifest.xml:6:22-76
13    <uses-permission android:name="android.permission.ACCESS_COARSE_LOCATION" />
13-->src/main/AndroidManifest.xml:7:5-81
13-->src/main/AndroidManifest.xml:7:22-78
14    <uses-permission android:name="android.permission.CALL_PHONE" />
14-->src/main/AndroidManifest.xml:8:5-69
14-->src/main/AndroidManifest.xml:8:22-66
15    <uses-permission android:name="android.permission.ACCESS_NETWORK_STATE" />
15-->[com.google.firebase:firebase-auth:22.0.0] AndroidManifest.xml:26:5-79
15-->[com.google.firebase:firebase-auth:22.0.0] AndroidManifest.xml:26:22-76
16    <uses-permission android:name="android.permission.WAKE_LOCK" />
16-->[com.google.android.gms:play-services-measurement-api:21.2.2] AndroidManifest.xml:24:5-68
16-->[com.google.android.gms:play-services-measurement-api:21.2.2] AndroidManifest.xml:24:22-65
17    <uses-permission android:name="com.google.android.gms.permission.AD_ID" />
17-->[com.google.android.gms:play-services-measurement-api:21.2.2] AndroidManifest.xml:25:5-79
17-->[com.google.android.gms:play-services-measurement-api:21.2.2] AndroidManifest.xml:25:22-76
18    <uses-permission android:name="com.google.android.finsky.permission.BIND_GET_INSTALL_REFERRER_SERVICE" />
18-->[com.google.android.gms:play-services-measurement:21.2.2] AndroidManifest.xml:26:5-110
18-->[com.google.android.gms:play-services-measurement:21.2.2] AndroidManifest.xml:26:22-107
19
20    <permission
20-->[androidx.core:core:1.9.0] AndroidManifest.xml:22:5-24:47
21        android:name="com.example.myprojectloginapplication.DYNAMIC_RECEIVER_NOT_EXPORTED_PERMISSION"
21-->[androidx.core:core:1.9.0] AndroidManifest.xml:23:9-81
22        android:protectionLevel="signature" />
22-->[androidx.core:core:1.9.0] AndroidManifest.xml:24:9-44
23
24    <uses-permission android:name="com.example.myprojectloginapplication.DYNAMIC_RECEIVER_NOT_EXPORTED_PERMISSION" />
24-->[androidx.core:core:1.9.0] AndroidManifest.xml:26:5-97
24-->[androidx.core:core:1.9.0] AndroidManifest.xml:26:22-94
25
26    <application
26-->src/main/AndroidManifest.xml:10:5-121:19
27        android:allowBackup="true"
27-->src/main/AndroidManifest.xml:11:9-35
28        android:appComponentFactory="androidx.core.app.CoreComponentFactory"
28-->[androidx.core:core:1.9.0] AndroidManifest.xml:28:18-86
29        android:dataExtractionRules="@xml/data_extraction_rules"
29-->src/main/AndroidManifest.xml:12:9-65
30        android:debuggable="true"
31        android:fullBackupContent="@xml/backup_rules"
31-->src/main/AndroidManifest.xml:13:9-54
32        android:icon="@mipmap/ic_launcher"
32-->src/main/AndroidManifest.xml:14:9-43
33        android:label="@string/app_name"
33-->src/main/AndroidManifest.xml:15:9-41
34        android:supportsRtl="true"
34-->src/main/AndroidManifest.xml:16:9-35
35        android:testOnly="true"
36        android:theme="@style/Theme.MyProjectLoginApplication" >
36-->src/main/AndroidManifest.xml:17:9-63
37        <activity
37-->src/main/AndroidManifest.xml:19:9-21:40
38            android:name="com.example.myprojectloginapplication.ObygnDoctorsActivity"
38-->src/main/AndroidManifest.xml:20:13-49
39            android:exported="false" />
39-->src/main/AndroidManifest.xml:21:13-37
40        <activity
40-->src/main/AndroidManifest.xml:22:9-24:40
41            android:name="com.example.myprojectloginapplication.DocWebsiteActivity"
41-->src/main/AndroidManifest.xml:23:13-47
42            android:exported="false" />
42-->src/main/AndroidManifest.xml:24:13-37
43        <activity
43-->src/main/AndroidManifest.xml:25:9-27:40
44            android:name="com.example.myprojectloginapplication.DoctorDetailsActivity"
44-->src/main/AndroidManifest.xml:26:13-50
45            android:exported="false" />
45-->src/main/AndroidManifest.xml:27:13-37
46        <activity
46-->src/main/AndroidManifest.xml:28:9-30:40
47            android:name="com.example.myprojectloginapplication.GeneralSurgeryDoctorsActivity"
47-->src/main/AndroidManifest.xml:29:13-58
48            android:exported="false" />
48-->src/main/AndroidManifest.xml:30:13-37
49        <activity
49-->src/main/AndroidManifest.xml:31:9-33:40
50            android:name="com.example.myprojectloginapplication.WebsiteAtivity"
50-->src/main/AndroidManifest.xml:32:13-43
51            android:exported="false" />
51-->src/main/AndroidManifest.xml:33:13-37
52        <activity
52-->src/main/AndroidManifest.xml:34:9-36:40
53            android:name="com.example.myprojectloginapplication.BookingDocViewActivity"
53-->src/main/AndroidManifest.xml:35:13-51
54            android:exported="false" />
54-->src/main/AndroidManifest.xml:36:13-37
55        <activity
55-->src/main/AndroidManifest.xml:37:9-39:40
56            android:name="com.example.myprojectloginapplication.PatientsDashBoardActivity"
56-->src/main/AndroidManifest.xml:38:13-54
57            android:exported="false" />
57-->src/main/AndroidManifest.xml:39:13-37
58        <activity
58-->src/main/AndroidManifest.xml:40:9-42:40
59            android:name="com.example.myprojectloginapplication.DoctorLoginActivity"
59-->src/main/AndroidManifest.xml:41:13-48
60            android:exported="false" />
60-->src/main/AndroidManifest.xml:42:13-37
61        <activity
61-->src/main/AndroidManifest.xml:43:9-45:40
62            android:name="com.example.myprojectloginapplication.DoctorRegisterActivity"
62-->src/main/AndroidManifest.xml:44:13-51
63            android:exported="false" />
63-->src/main/AndroidManifest.xml:45:13-37
64        <activity
64-->src/main/AndroidManifest.xml:46:9-48:40
65            android:name="com.example.myprojectloginapplication.DoctorsDAshboardActivity"
65-->src/main/AndroidManifest.xml:47:13-53
66            android:exported="false" />
66-->src/main/AndroidManifest.xml:48:13-37
67        <activity
67-->src/main/AndroidManifest.xml:49:9-51:40
68            android:name="com.example.myprojectloginapplication.DoctorFormActivity"
68-->src/main/AndroidManifest.xml:50:13-47
69            android:exported="false" />
69-->src/main/AndroidManifest.xml:51:13-37
70        <activity
70-->src/main/AndroidManifest.xml:52:9-54:40
71            android:name="com.example.myprojectloginapplication.CommunicationFormatActivity"
71-->src/main/AndroidManifest.xml:53:13-56
72            android:exported="false" />
72-->src/main/AndroidManifest.xml:54:13-37
73        <activity
73-->src/main/AndroidManifest.xml:55:9-57:40
74            android:name="com.example.myprojectloginapplication.BookinPatientActivity"
74-->src/main/AndroidManifest.xml:56:13-50
75            android:exported="false" />
75-->src/main/AndroidManifest.xml:57:13-37
76        <activity
76-->src/main/AndroidManifest.xml:58:9-60:40
77            android:name="com.example.myprojectloginapplication.PatientPaymentActivity"
77-->src/main/AndroidManifest.xml:59:13-51
78            android:exported="false" />
78-->src/main/AndroidManifest.xml:60:13-37
79        <activity
79-->src/main/AndroidManifest.xml:61:9-63:40
80            android:name="com.example.myprojectloginapplication.DermertologyDoctorsActivity"
80-->src/main/AndroidManifest.xml:62:13-56
81            android:exported="false" />
81-->src/main/AndroidManifest.xml:63:13-37
82        <activity
82-->src/main/AndroidManifest.xml:64:9-66:40
83            android:name="com.example.myprojectloginapplication.GeneralSurgeryActivity"
83-->src/main/AndroidManifest.xml:65:13-51
84            android:exported="false" />
84-->src/main/AndroidManifest.xml:66:13-37
85        <activity
85-->src/main/AndroidManifest.xml:67:9-69:40
86            android:name="com.example.myprojectloginapplication.VascularDoctorActivity"
86-->src/main/AndroidManifest.xml:68:13-51
87            android:exported="false" />
87-->src/main/AndroidManifest.xml:69:13-37
88        <activity
88-->src/main/AndroidManifest.xml:70:9-72:40
89            android:name="com.example.myprojectloginapplication.PaediatricDoctorsActivity"
89-->src/main/AndroidManifest.xml:71:13-54
90            android:exported="false" />
90-->src/main/AndroidManifest.xml:72:13-37
91        <activity
91-->src/main/AndroidManifest.xml:73:9-75:40
92            android:name="com.example.myprojectloginapplication.VascularDoctorsActivity"
92-->src/main/AndroidManifest.xml:74:13-52
93            android:exported="false" />
93-->src/main/AndroidManifest.xml:75:13-37
94        <activity
94-->src/main/AndroidManifest.xml:76:9-78:40
95            android:name="com.example.myprojectloginapplication.OrthopedicDpoctorsActivity"
95-->src/main/AndroidManifest.xml:77:13-55
96            android:exported="false" />
96-->src/main/AndroidManifest.xml:78:13-37
97        <activity
97-->src/main/AndroidManifest.xml:79:9-81:40
98            android:name="com.example.myprojectloginapplication.ObsetricsDoctorsActivity"
98-->src/main/AndroidManifest.xml:80:13-53
99            android:exported="false" />
99-->src/main/AndroidManifest.xml:81:13-37
100        <activity
100-->src/main/AndroidManifest.xml:82:9-84:40
101            android:name="com.example.myprojectloginapplication.NephrologyDoctorsActivity"
101-->src/main/AndroidManifest.xml:83:13-54
102            android:exported="false" />
102-->src/main/AndroidManifest.xml:84:13-37
103        <activity
103-->src/main/AndroidManifest.xml:85:9-87:40
104            android:name="com.example.myprojectloginapplication.MainActivity"
104-->src/main/AndroidManifest.xml:86:13-41
105            android:exported="false" />
105-->src/main/AndroidManifest.xml:87:13-37
106        <activity
106-->src/main/AndroidManifest.xml:88:9-90:40
107            android:name="com.example.myprojectloginapplication.SpecialitySelectionScrollViewActivity"
107-->src/main/AndroidManifest.xml:89:13-66
108            android:exported="false" />
108-->src/main/AndroidManifest.xml:90:13-37
109        <activity
109-->src/main/AndroidManifest.xml:91:9-93:40
110            android:name="com.example.myprojectloginapplication.SplassScreenActivity"
110-->src/main/AndroidManifest.xml:92:13-49
111            android:exported="false" />
111-->src/main/AndroidManifest.xml:93:13-37
112        <activity
112-->src/main/AndroidManifest.xml:94:9-96:40
113            android:name="com.example.myprojectloginapplication.MapsActivity"
113-->src/main/AndroidManifest.xml:95:13-41
114            android:exported="false" />
114-->src/main/AndroidManifest.xml:96:13-37
115        <activity
115-->src/main/AndroidManifest.xml:97:9-99:40
116            android:name="com.example.myprojectloginapplication.MainActivity2"
116-->src/main/AndroidManifest.xml:98:13-42
117            android:exported="false" />
117-->src/main/AndroidManifest.xml:99:13-37
118        <activity
118-->src/main/AndroidManifest.xml:100:9-102:40
119            android:name="com.example.myprojectloginapplication.DoctorPrescriptionActivity"
119-->src/main/AndroidManifest.xml:101:13-55
120            android:exported="false" />
120-->src/main/AndroidManifest.xml:102:13-37
121        <activity
121-->src/main/AndroidManifest.xml:103:9-105:40
122            android:name="com.example.myprojectloginapplication.Admin_Speciality_Adition_Activity"
122-->src/main/AndroidManifest.xml:104:13-62
123            android:exported="false" />
123-->src/main/AndroidManifest.xml:105:13-37
124        <activity
124-->src/main/AndroidManifest.xml:106:9-108:40
125            android:name="com.example.myprojectloginapplication.HomeActivity"
125-->src/main/AndroidManifest.xml:107:13-41
126            android:exported="false" />
126-->src/main/AndroidManifest.xml:108:13-37
127        <activity
127-->src/main/AndroidManifest.xml:109:9-111:40
128            android:name="com.example.myprojectloginapplication.LoginActivity"
128-->src/main/AndroidManifest.xml:110:13-42
129            android:exported="false" />
129-->src/main/AndroidManifest.xml:111:13-37
130        <activity
130-->src/main/AndroidManifest.xml:112:9-120:20
131            android:name="com.example.myprojectloginapplication.RegisterActivity"
131-->src/main/AndroidManifest.xml:113:13-45
132            android:exported="true" >
132-->src/main/AndroidManifest.xml:114:13-36
133            <intent-filter>
133-->src/main/AndroidManifest.xml:115:13-119:29
134                <action android:name="android.intent.action.MAIN" />
134-->src/main/AndroidManifest.xml:116:17-69
134-->src/main/AndroidManifest.xml:116:25-66
135
136                <category android:name="android.intent.category.LAUNCHER" />
136-->src/main/AndroidManifest.xml:118:17-77
136-->src/main/AndroidManifest.xml:118:27-74
137            </intent-filter>
138        </activity>
139
140        <service
140-->[com.google.firebase:firebase-storage-ktx:20.2.0] AndroidManifest.xml:11:9-17:19
141            android:name="com.google.firebase.components.ComponentDiscoveryService"
141-->[com.google.firebase:firebase-storage-ktx:20.2.0] AndroidManifest.xml:12:13-84
142            android:directBootAware="true"
142-->[com.google.firebase:firebase-common:20.3.2] AndroidManifest.xml:34:13-43
143            android:exported="false" >
143-->[com.google.firebase:firebase-storage-ktx:20.2.0] AndroidManifest.xml:13:13-37
144            <meta-data
144-->[com.google.firebase:firebase-storage-ktx:20.2.0] AndroidManifest.xml:14:13-16:85
145                android:name="com.google.firebase.components:com.google.firebase.storage.ktx.FirebaseStorageKtxRegistrar"
145-->[com.google.firebase:firebase-storage-ktx:20.2.0] AndroidManifest.xml:15:17-122
146                android:value="com.google.firebase.components.ComponentRegistrar" />
146-->[com.google.firebase:firebase-storage-ktx:20.2.0] AndroidManifest.xml:16:17-82
147            <meta-data
147-->[com.google.firebase:firebase-database-ktx:20.2.1] AndroidManifest.xml:14:13-16:85
148                android:name="com.google.firebase.components:com.google.firebase.database.ktx.FirebaseDatabaseKtxRegistrar"
148-->[com.google.firebase:firebase-database-ktx:20.2.1] AndroidManifest.xml:15:17-124
149                android:value="com.google.firebase.components.ComponentRegistrar" />
149-->[com.google.firebase:firebase-database-ktx:20.2.1] AndroidManifest.xml:16:17-82
150            <meta-data
150-->[com.google.firebase:firebase-analytics-ktx:21.2.2] AndroidManifest.xml:11:13-13:85
151                android:name="com.google.firebase.components:com.google.firebase.analytics.ktx.FirebaseAnalyticsKtxRegistrar"
151-->[com.google.firebase:firebase-analytics-ktx:21.2.2] AndroidManifest.xml:12:17-126
152                android:value="com.google.firebase.components.ComponentRegistrar" />
152-->[com.google.firebase:firebase-analytics-ktx:21.2.2] AndroidManifest.xml:13:17-82
153            <meta-data
153-->[com.google.firebase:firebase-common-ktx:20.3.2] AndroidManifest.xml:14:13-16:85
154                android:name="com.google.firebase.components:com.google.firebase.ktx.FirebaseCommonKtxRegistrar"
154-->[com.google.firebase:firebase-common-ktx:20.3.2] AndroidManifest.xml:15:17-113
155                android:value="com.google.firebase.components.ComponentRegistrar" />
155-->[com.google.firebase:firebase-common-ktx:20.3.2] AndroidManifest.xml:16:17-82
156            <meta-data
156-->[com.google.firebase:firebase-auth:22.0.0] AndroidManifest.xml:69:13-71:85
157                android:name="com.google.firebase.components:com.google.firebase.auth.FirebaseAuthRegistrar"
157-->[com.google.firebase:firebase-auth:22.0.0] AndroidManifest.xml:70:17-109
158                android:value="com.google.firebase.components.ComponentRegistrar" />
158-->[com.google.firebase:firebase-auth:22.0.0] AndroidManifest.xml:71:17-82
159            <meta-data
159-->[com.google.firebase:firebase-storage:20.2.0] AndroidManifest.xml:32:13-34:85
160                android:name="com.google.firebase.components:com.google.firebase.storage.StorageRegistrar"
160-->[com.google.firebase:firebase-storage:20.2.0] AndroidManifest.xml:33:17-107
161                android:value="com.google.firebase.components.ComponentRegistrar" />
161-->[com.google.firebase:firebase-storage:20.2.0] AndroidManifest.xml:34:17-82
162            <meta-data
162-->[com.google.firebase:firebase-database:20.2.1] AndroidManifest.xml:31:13-33:85
163                android:name="com.google.firebase.components:com.google.firebase.database.DatabaseRegistrar"
163-->[com.google.firebase:firebase-database:20.2.1] AndroidManifest.xml:32:17-109
164                android:value="com.google.firebase.components.ComponentRegistrar" />
164-->[com.google.firebase:firebase-database:20.2.1] AndroidManifest.xml:33:17-82
165            <meta-data
165-->[com.google.android.gms:play-services-measurement-api:21.2.2] AndroidManifest.xml:31:13-33:85
166                android:name="com.google.firebase.components:com.google.firebase.analytics.connector.internal.AnalyticsConnectorRegistrar"
166-->[com.google.android.gms:play-services-measurement-api:21.2.2] AndroidManifest.xml:32:17-139
167                android:value="com.google.firebase.components.ComponentRegistrar" />
167-->[com.google.android.gms:play-services-measurement-api:21.2.2] AndroidManifest.xml:33:17-82
168            <meta-data
168-->[com.google.firebase:firebase-installations:17.1.3] AndroidManifest.xml:17:13-19:85
169                android:name="com.google.firebase.components:com.google.firebase.installations.FirebaseInstallationsRegistrar"
169-->[com.google.firebase:firebase-installations:17.1.3] AndroidManifest.xml:18:17-127
170                android:value="com.google.firebase.components.ComponentRegistrar" />
170-->[com.google.firebase:firebase-installations:17.1.3] AndroidManifest.xml:19:17-82
171        </service>
172
173        <activity
173-->[com.google.firebase:firebase-auth:22.0.0] AndroidManifest.xml:29:9-46:20
174            android:name="com.google.firebase.auth.internal.GenericIdpActivity"
174-->[com.google.firebase:firebase-auth:22.0.0] AndroidManifest.xml:30:13-80
175            android:excludeFromRecents="true"
175-->[com.google.firebase:firebase-auth:22.0.0] AndroidManifest.xml:31:13-46
176            android:exported="true"
176-->[com.google.firebase:firebase-auth:22.0.0] AndroidManifest.xml:32:13-36
177            android:launchMode="singleTask"
177-->[com.google.firebase:firebase-auth:22.0.0] AndroidManifest.xml:33:13-44
178            android:theme="@android:style/Theme.Translucent.NoTitleBar" >
178-->[com.google.firebase:firebase-auth:22.0.0] AndroidManifest.xml:34:13-72
179            <intent-filter>
179-->[com.google.firebase:firebase-auth:22.0.0] AndroidManifest.xml:35:13-45:29
180                <action android:name="android.intent.action.VIEW" />
180-->[com.google.firebase:firebase-auth:22.0.0] AndroidManifest.xml:36:17-69
180-->[com.google.firebase:firebase-auth:22.0.0] AndroidManifest.xml:36:25-66
181
182                <category android:name="android.intent.category.DEFAULT" />
182-->[com.google.firebase:firebase-auth:22.0.0] AndroidManifest.xml:38:17-76
182-->[com.google.firebase:firebase-auth:22.0.0] AndroidManifest.xml:38:27-73
183                <category android:name="android.intent.category.BROWSABLE" />
183-->[com.google.firebase:firebase-auth:22.0.0] AndroidManifest.xml:39:17-78
183-->[com.google.firebase:firebase-auth:22.0.0] AndroidManifest.xml:39:27-75
184
185                <data
185-->[com.google.firebase:firebase-auth:22.0.0] AndroidManifest.xml:41:17-44:51
186                    android:host="firebase.auth"
186-->[com.google.firebase:firebase-auth:22.0.0] AndroidManifest.xml:42:21-49
187                    android:path="/"
187-->[com.google.firebase:firebase-auth:22.0.0] AndroidManifest.xml:43:21-37
188                    android:scheme="genericidp" />
188-->[com.google.firebase:firebase-auth:22.0.0] AndroidManifest.xml:44:21-48
189            </intent-filter>
190        </activity>
191        <activity
191-->[com.google.firebase:firebase-auth:22.0.0] AndroidManifest.xml:47:9-64:20
192            android:name="com.google.firebase.auth.internal.RecaptchaActivity"
192-->[com.google.firebase:firebase-auth:22.0.0] AndroidManifest.xml:48:13-79
193            android:excludeFromRecents="true"
193-->[com.google.firebase:firebase-auth:22.0.0] AndroidManifest.xml:49:13-46
194            android:exported="true"
194-->[com.google.firebase:firebase-auth:22.0.0] AndroidManifest.xml:50:13-36
195            android:launchMode="singleTask"
195-->[com.google.firebase:firebase-auth:22.0.0] AndroidManifest.xml:51:13-44
196            android:theme="@android:style/Theme.Translucent.NoTitleBar" >
196-->[com.google.firebase:firebase-auth:22.0.0] AndroidManifest.xml:52:13-72
197            <intent-filter>
197-->[com.google.firebase:firebase-auth:22.0.0] AndroidManifest.xml:53:13-63:29
198                <action android:name="android.intent.action.VIEW" />
198-->[com.google.firebase:firebase-auth:22.0.0] AndroidManifest.xml:36:17-69
198-->[com.google.firebase:firebase-auth:22.0.0] AndroidManifest.xml:36:25-66
199
200                <category android:name="android.intent.category.DEFAULT" />
200-->[com.google.firebase:firebase-auth:22.0.0] AndroidManifest.xml:38:17-76
200-->[com.google.firebase:firebase-auth:22.0.0] AndroidManifest.xml:38:27-73
201                <category android:name="android.intent.category.BROWSABLE" />
201-->[com.google.firebase:firebase-auth:22.0.0] AndroidManifest.xml:39:17-78
201-->[com.google.firebase:firebase-auth:22.0.0] AndroidManifest.xml:39:27-75
202
203                <data
203-->[com.google.firebase:firebase-auth:22.0.0] AndroidManifest.xml:41:17-44:51
204                    android:host="firebase.auth"
204-->[com.google.firebase:firebase-auth:22.0.0] AndroidManifest.xml:42:21-49
205                    android:path="/"
205-->[com.google.firebase:firebase-auth:22.0.0] AndroidManifest.xml:43:21-37
206                    android:scheme="recaptcha" />
206-->[com.google.firebase:firebase-auth:22.0.0] AndroidManifest.xml:44:21-48
207            </intent-filter>
208        </activity>
209        <activity
209-->[com.google.android.gms:play-services-base:18.1.0] AndroidManifest.xml:20:9-22:45
210            android:name="com.google.android.gms.common.api.GoogleApiActivity"
210-->[com.google.android.gms:play-services-base:18.1.0] AndroidManifest.xml:20:19-85
211            android:exported="false"
211-->[com.google.android.gms:play-services-base:18.1.0] AndroidManifest.xml:22:19-43
212            android:theme="@android:style/Theme.Translucent.NoTitleBar" />
212-->[com.google.android.gms:play-services-base:18.1.0] AndroidManifest.xml:21:19-78
213
214        <provider
214-->[com.google.firebase:firebase-common:20.3.2] AndroidManifest.xml:25:9-30:39
215            android:name="com.google.firebase.provider.FirebaseInitProvider"
215-->[com.google.firebase:firebase-common:20.3.2] AndroidManifest.xml:26:13-77
216            android:authorities="com.example.myprojectloginapplication.firebaseinitprovider"
216-->[com.google.firebase:firebase-common:20.3.2] AndroidManifest.xml:27:13-72
217            android:directBootAware="true"
217-->[com.google.firebase:firebase-common:20.3.2] AndroidManifest.xml:28:13-43
218            android:exported="false"
218-->[com.google.firebase:firebase-common:20.3.2] AndroidManifest.xml:29:13-37
219            android:initOrder="100" />
219-->[com.google.firebase:firebase-common:20.3.2] AndroidManifest.xml:30:13-36
220
221        <receiver
221-->[com.google.android.gms:play-services-measurement:21.2.2] AndroidManifest.xml:29:9-33:20
222            android:name="com.google.android.gms.measurement.AppMeasurementReceiver"
222-->[com.google.android.gms:play-services-measurement:21.2.2] AndroidManifest.xml:30:13-85
223            android:enabled="true"
223-->[com.google.android.gms:play-services-measurement:21.2.2] AndroidManifest.xml:31:13-35
224            android:exported="false" >
224-->[com.google.android.gms:play-services-measurement:21.2.2] AndroidManifest.xml:32:13-37
225        </receiver>
226
227        <service
227-->[com.google.android.gms:play-services-measurement:21.2.2] AndroidManifest.xml:35:9-38:40
228            android:name="com.google.android.gms.measurement.AppMeasurementService"
228-->[com.google.android.gms:play-services-measurement:21.2.2] AndroidManifest.xml:36:13-84
229            android:enabled="true"
229-->[com.google.android.gms:play-services-measurement:21.2.2] AndroidManifest.xml:37:13-35
230            android:exported="false" />
230-->[com.google.android.gms:play-services-measurement:21.2.2] AndroidManifest.xml:38:13-37
231        <service
231-->[com.google.android.gms:play-services-measurement:21.2.2] AndroidManifest.xml:39:9-43:72
232            android:name="com.google.android.gms.measurement.AppMeasurementJobService"
232-->[com.google.android.gms:play-services-measurement:21.2.2] AndroidManifest.xml:40:13-87
233            android:enabled="true"
233-->[com.google.android.gms:play-services-measurement:21.2.2] AndroidManifest.xml:41:13-35
234            android:exported="false"
234-->[com.google.android.gms:play-services-measurement:21.2.2] AndroidManifest.xml:42:13-37
235            android:permission="android.permission.BIND_JOB_SERVICE" />
235-->[com.google.android.gms:play-services-measurement:21.2.2] AndroidManifest.xml:43:13-69
236
237        <meta-data
237-->[com.google.android.gms:play-services-basement:18.1.0] AndroidManifest.xml:21:9-23:69
238            android:name="com.google.android.gms.version"
238-->[com.google.android.gms:play-services-basement:18.1.0] AndroidManifest.xml:22:13-58
239            android:value="@integer/google_play_services_version" />
239-->[com.google.android.gms:play-services-basement:18.1.0] AndroidManifest.xml:23:13-66
240
241        <uses-library
241-->[androidx.window:window:1.0.0] AndroidManifest.xml:25:9-27:40
242            android:name="androidx.window.extensions"
242-->[androidx.window:window:1.0.0] AndroidManifest.xml:26:13-54
243            android:required="false" />
243-->[androidx.window:window:1.0.0] AndroidManifest.xml:27:13-37
244        <uses-library
244-->[androidx.window:window:1.0.0] AndroidManifest.xml:28:9-30:40
245            android:name="androidx.window.sidecar"
245-->[androidx.window:window:1.0.0] AndroidManifest.xml:29:13-51
246            android:required="false" />
246-->[androidx.window:window:1.0.0] AndroidManifest.xml:30:13-37
247
248        <provider
248-->[androidx.emoji2:emoji2:1.2.0] AndroidManifest.xml:24:9-32:20
249            android:name="androidx.startup.InitializationProvider"
249-->[androidx.emoji2:emoji2:1.2.0] AndroidManifest.xml:25:13-67
250            android:authorities="com.example.myprojectloginapplication.androidx-startup"
250-->[androidx.emoji2:emoji2:1.2.0] AndroidManifest.xml:26:13-68
251            android:exported="false" >
251-->[androidx.emoji2:emoji2:1.2.0] AndroidManifest.xml:27:13-37
252            <meta-data
252-->[androidx.emoji2:emoji2:1.2.0] AndroidManifest.xml:29:13-31:52
253                android:name="androidx.emoji2.text.EmojiCompatInitializer"
253-->[androidx.emoji2:emoji2:1.2.0] AndroidManifest.xml:30:17-75
254                android:value="androidx.startup" />
254-->[androidx.emoji2:emoji2:1.2.0] AndroidManifest.xml:31:17-49
255            <meta-data
255-->[androidx.lifecycle:lifecycle-process:2.4.1] AndroidManifest.xml:31:13-33:52
256                android:name="androidx.lifecycle.ProcessLifecycleInitializer"
256-->[androidx.lifecycle:lifecycle-process:2.4.1] AndroidManifest.xml:32:17-78
257                android:value="androidx.startup" />
257-->[androidx.lifecycle:lifecycle-process:2.4.1] AndroidManifest.xml:33:17-49
258        </provider>
259    </application>
260
261</manifest>